<?xml version="1.0" encoding="UTF-8"?>
<testng-results skipped="0" failed="0" ignored="0" total="1" passed="1">
  <reporter-output>
  </reporter-output>
  <suite name="Default suite" duration-ms="2741" started-at="2018-06-03T06:43:37Z" finished-at="2018-06-03T06:43:39Z">
    <groups>
    </groups>
    <test name="Default test" duration-ms="2741" started-at="2018-06-03T06:43:37Z" finished-at="2018-06-03T06:43:39Z">
      <class name="UpdateCommentJira">
        <test-method status="PASS" signature="postData()[pri:0, instance:UpdateCommentJira@457e2f02]" name="postData" duration-ms="2701" started-at="2018-06-03T06:43:37Z" finished-at="2018-06-03T06:43:39Z">
          <reporter-output>
          </reporter-output>
        </test-method> <!-- postData -->
      </class> <!-- UpdateCommentJira -->
    </test> <!-- Default test -->
  </suite> <!-- Default suite -->
</testng-results>
